_______                    ___    ________________  ________________________________
__  __ \_____________________ |  / /__  ____/__  / / /___  _/_  ____/__  /___  ____/
_  / / /__  __ \  _ \_  __ \_ | / /__  __/  __  /_/ / __  / _  /    __  / __  __/   
/ /_/ /__  /_/ /  __/  / / /_ |/ / _  /___  _  __  / __/ /  / /___  _  /___  /___   
\____/ _  .___/\___//_/ /_/_____/  /_____/  /_/ /_/  /___/  \____/  /_____/_____/   
       /_/                                                                          
====================================================================================
C:\Users\dghju\Documents\GitHub\F1Evolutionary\Individuals/individual_0.xlsx
File read successfully
====================================================================================
Name: Formula 1
Type: Open Wheel
Date: 16/11/2022
Time: 14:09:24
====================================================================================
Vehicle generation started.
Braking model generated successfully.
Steering model generated successfully.
{Requested array exceeds the maximum possible variable size.

Error in <a href="matlab:matlab.internal.language.introspective.errorDocCallback('linspace', 'C:\Program Files\MATLAB\R2022b\toolbox\matlab\elmat\linspace.m', 41)" style="font-weight:bold">linspace</a> (<a href="matlab: opentoline('C:\Program Files\MATLAB\R2022b\toolbox\matlab\elmat\linspace.m',41,0)">line 41</a>)
            y = d1 + (d2./n1).*(0:n1) - (d1./n1).*(0:n1);

Error in <a href="matlab:matlab.internal.language.introspective.errorDocCallback('OpenVEHICLE', 'C:\Users\dghju\Documents\GitHub\F1Evolutionary\OpenLAP\Resources\OpenVEHICLE.m', 172)" style="font-weight:bold">OpenVEHICLE</a> (<a href="matlab: opentoline('C:\Users\dghju\Documents\GitHub\F1Evolutionary\OpenLAP\Resources\OpenVEHICLE.m',172,0)">line 172</a>)
vehicle_speed = linspace(v_min,v_max,(v_max-v_min)/dv)' ;

<a href="matlab:helpview('matlab','error_pmaxsize')" style="font-weight:bold">Related documentation</a>
} 
helpview('matlab','error_pmaxsize')
OpenVEHICLEnew('C:\Users\dghju\Documents\GitHub\F1Evolutionary\Individuals\individual_0.xlsx')
{'OpenVEHICLEnew' is not found in the current folder or on the MATLAB path, but exists in:
    C:\Users\dghju\Documents\GitHub\F1Evolutionary\OpenLAP
    C:\Users\dghju\Documents\GitHub\OpenLAP-Lap-Time-Simulator

Change the MATLAB current folder or add its folder to the MATLAB path.
} 
OpenVEHICLEnew('C:\Users\dghju\Documents\GitHub\F1Evolutionary\Individuals\individual_0.xlsx')
