_______                    ____________________________________ __
__  __ \______________________  __/__  __ \__    |_  ____/__  //_/
_  / / /__  __ \  _ \_  __ \_  /  __  /_/ /_  /| |  /    __  ,<   
/ /_/ /__  /_/ /  __/  / / /  /   _  _, _/_  ___ / /___  _  /| |  
\____/ _  .___/\___//_/ /_//_/    /_/ |_| /_/  |_\____/  /_/ |_|  
       /_/                                                        
==================================================================
Resources/Autodromo Nazionale Monza.xlsx
File read successfully
==================================================================
Name:          Autodromo Nazionale Monza
City:          Monza
Country:       Italy
Type:          Permanent
Configuration: Closed
Direction:     Forward
Mirror:        Off
Date:          29/11/2022
Time:          12:49:39
==================================================================
Track generation started.
Pre-processing completed.
Fine meshing completed with mesh size: 1 [m]
Apex calculation completed.
Track rotated.
Closing fine mesh map.
Fine mesh map closed.
Fine mesh map created.
Plots created and saved.
Track generated successfully.
Map:
   oooooooooooooooooooooooooooooooooooooooo oooooooooo             
 ooo                                      ooo        oooo          
oo                                                      ooo        
oo                                                        oo       
 ooooooooooooooooooooooo                                   o       
                       oooooooooo                          oo      
                                ooooooo                     o      
                                      oo                    o      
                                       ooo                  oo     
                                         ooo                 o     
                                           ooo               o     
                                             ooo             ooo   
                                               ooo             oo  
                                                 oo             o  
                                                  ooo            o 
                                                    oo           oo
                                                     oo           o
                                                       oo       ooo
                                                        ooooooooo  
